2025-02-11 00:23:51|DEBUG|Loaded from bank.pickle
2025-02-11 00:24:12|DEBUG|Created account: 8
2025-02-11 00:24:36|DEBUG|Created transaction: 8, 50
2025-02-11 00:24:44|DEBUG|Triggered interest and fees
2025-02-11 00:24:51|DEBUG|Saved to bank.pickle
2025-02-11 00:25:31|DEBUG|Loaded from bank.pickle
2025-02-11 00:26:24|DEBUG|Created transaction: 8, 100.075
2025-02-11 00:26:36|DEBUG|Saved to bank.pickle
2025-02-11 00:27:57|DEBUG|Loaded from bank.pickle
2025-02-11 00:28:05|DEBUG|Triggered interest and fees
2025-02-11 00:28:18|DEBUG|Created transaction: 8, 30
2025-02-11 00:28:48|DEBUG|Created transaction: 8, 40
2025-02-11 00:29:13|DEBUG|Saved to bank.pickle
2025-02-11 00:29:50|DEBUG|Loaded from bank.pickle
2025-02-11 00:30:26|DEBUG|Saved to bank.pickle
2025-02-11 00:30:51|DEBUG|Loaded from bank.pickle
2025-02-11 00:31:44|DEBUG|Saved to bank.pickle
2025-02-11 00:54:56|DEBUG|Loaded from bank.pickle
2025-02-11 00:56:13|DEBUG|Saved to bank.pickle
2025-02-11 00:56:14|DEBUG|Loaded from bank.pickle
2025-02-11 00:58:33|DEBUG|Saved to bank.pickle
2025-02-11 00:58:35|DEBUG|Loaded from bank.pickle
2025-02-11 01:03:26|DEBUG|Saved to bank.pickle
